# JRE version: OpenJDK Runtime Environment Temurin-21.0.11+10 (21.0.11+10) (build 21.0.11+10-LTS)
# Java VM: OpenJDK 64-Bit Server VM Temurin-21.0.11+10 (21.0.11+10-LTS, mixed mode, sharing, tiered, compressed oops, compressed class ptrs, parallel gc, windows-amd64)
GC Precious Log:
 CardTable entry size: 512
 CPUs: 12 total, 12 available
 Memory: 5989M
 Large Page Support: Disabled
 NUMA Support: Disabled
 Compressed Oops: Enabled (32-bit)
 Alignments: Space 512K, Generation 512K, Heap 2M
 Heap Min Capacity: 100M
 Heap Initial Capacity: 100M
 Heap Max Capacity: 2G
 Pre-touch: Disabled
 Parallel Workers: 10
Heap:
 PSYoungGen      total 3072K, used 2841K [0x00000000d5580000, 0x00000000d5d00000, 0x0000000100000000)
  eden space 2560K, 91% used [0x00000000d5580000,0x00000000d57ca580,0x00000000d5800000)
  from space 512K, 96% used [0x00000000d5c80000,0x00000000d5cfc010,0x00000000d5d00000)
  to   space 1024K, 0% used [0x00000000d5b00000,0x00000000d5b00000,0x00000000d5c00000)
 ParOldGen       total 823296K, used 263536K [0x0000000080000000, 0x00000000b2400000, 0x00000000d5580000)
  object space 823296K, 32% used [0x0000000080000000,0x000000009015c270,0x00000000b2400000)
 Metaspace       used 85886K, committed 88064K, reserved 1179648K
  class space    used 8203K, committed 9152K, reserved 1048576K
GC Heap History (20 events):
Event: 154.835 GC heap before
{Heap before GC invocations=1479 (full 4):
 PSYoungGen      total 3072K, used 2746K [0x00000000d5580000, 0x00000000d5980000, 0x0000000100000000)
  eden space 2560K, 99% used [0x00000000d5580000,0x00000000d57fe970,0x00000000d5800000)
  from space 512K, 37% used [0x00000000d5900000,0x00000000d5930000,0x00000000d5980000)
  to   space 512K, 0% used [0x00000000d5800000,0x00000000d5800000,0x00000000d5880000)
 ParOldGen       total 823296K, used 254338K [0x0000000080000000, 0x00000000b2400000, 0x00000000d5580000)
  object space 823296K, 30% used [0x0000000080000000,0x000000008f860b60,0x00000000b2400000)
 Metaspace       used 84545K, committed 86144K, reserved 1179648K
  class space    used 7952K, committed 8704K, reserved 1048576K
}
Event: 154.840 GC heap after
{Heap after GC invocations=1479 (full 4):
 PSYoungGen      total 3072K, used 288K [0x00000000d5580000, 0x00000000d5980000, 0x0000000100000000)
  eden space 2560K, 0% used [0x00000000d5580000,0x00000000d5580000,0x00000000d5800000)
  from space 512K, 56% used [0x00000000d5800000,0x00000000d5848000,0x00000000d5880000)
  to   space 512K, 0% used [0x00000000d5900000,0x00000000d5900000,0x00000000d5980000)
 ParOldGen       total 823296K, used 254410K [0x0000000080000000, 0x00000000b2400000, 0x00000000d5580000)
  object space 823296K, 30% used [0x0000000080000000,0x000000008f872b60,0x00000000b2400000)
 Metaspace       used 84545K, committed 86144K, reserved 1179648K
  class space    used 7952K, committed 8704K, reserved 1048576K
}
Event: 156.488 GC heap before
{Heap before GC invocations=1480 (full 4):
 PSYoungGen      total 3072K, used 2848K [0x00000000d5580000, 0x00000000d5980000, 0x0000000100000000)
  eden space 2560K, 100% used [0x00000000d5580000,0x00000000d5800000,0x00000000d5800000)
  from space 512K, 56% used [0x00000000d5800000,0x00000000d5848000,0x00000000d5880000)
  to   space 512K, 0% used [0x00000000d5900000,0x00000000d5900000,0x00000000d5980000)
 ParOldGen       total 823296K, used 254410K [0x0000000080000000, 0x00000000b2400000, 0x00000000d5580000)
  object space 823296K, 30% used [0x0000000080000000,0x000000008f872b60,0x00000000b2400000)
 Metaspace       used 84701K, committed 86272K, reserved 1179648K
  class space    used 7972K, committed 8704K, reserved 1048576K
}
Event: 156.492 GC heap after
{Heap after GC invocations=1480 (full 4):
 PSYoungGen      total 3072K, used 256K [0x00000000d5580000, 0x00000000d5980000, 0x0000000100000000)
  eden space 2560K, 0% used [0x00000000d5580000,0x00000000d5580000,0x00000000d5800000)
  from space 512K, 50% used [0x00000000d5900000,0x00000000d5940000,0x00000000d5980000)
  to   space 512K, 0% used [0x00000000d5800000,0x00000000d5800000,0x00000000d5880000)
 ParOldGen       total 823296K, used 254466K [0x0000000080000000, 0x00000000b2400000, 0x00000000d5580000)
  object space 823296K, 30% used [0x0000000080000000,0x000000008f880b60,0x00000000b2400000)
 Metaspace       used 84701K, committed 86272K, reserved 1179648K
  class space    used 7972K, committed 8704K, reserved 1048576K
}
Event: 156.630 GC heap before
{Heap before GC invocations=1481 (full 4):
 PSYoungGen      total 3072K, used 2807K [0x00000000d5580000, 0x00000000d5980000, 0x0000000100000000)
  eden space 2560K, 99% used [0x00000000d5580000,0x00000000d57fddd8,0x00000000d5800000)
  from space 512K, 50% used [0x00000000d5900000,0x00000000d5940000,0x00000000d5980000)
  to   space 512K, 0% used [0x00000000d5800000,0x00000000d5800000,0x00000000d5880000)
 ParOldGen       total 823296K, used 254466K [0x0000000080000000, 0x00000000b2400000, 0x00000000d5580000)
  object space 823296K, 30% used [0x0000000080000000,0x000000008f880b60,0x00000000b2400000)
 Metaspace       used 84723K, committed 86336K, reserved 1179648K
  class space    used 7974K, committed 8704K, reserved 1048576K
}
Event: 157.646 GC heap after
{Heap after GC invocations=1481 (full 4):
 PSYoungGen      total 3072K, used 504K [0x00000000d5580000, 0x00000000d5d00000, 0x0000000100000000)
  eden space 2560K, 0% used [0x00000000d5580000,0x00000000d5580000,0x00000000d5800000)
  from space 512K, 98% used [0x00000000d5800000,0x00000000d587e020,0x00000000d5880000)
  to   space 2560K, 0% used [0x00000000d5a80000,0x00000000d5a80000,0x00000000d5d00000)
 ParOldGen       total 823296K, used 255829K [0x0000000080000000, 0x00000000b2400000, 0x00000000d5580000)
  object space 823296K, 31% used [0x0000000080000000,0x000000008f9d5400,0x00000000b2400000)
 Metaspace       used 84723K, committed 86336K, reserved 1179648K
  class space    used 7974K, committed 8704K, reserved 1048576K
}
Event: 157.674 GC heap before
{Heap before GC invocations=1482 (full 4):
 PSYoungGen      total 3072K, used 3022K [0x00000000d5580000, 0x00000000d5d00000, 0x0000000100000000)
  eden space 2560K, 98% used [0x00000000d5580000,0x00000000d57f5880,0x00000000d5800000)
  from space 512K, 98% used [0x00000000d5800000,0x00000000d587e020,0x00000000d5880000)
  to   space 2560K, 0% used [0x00000000d5a80000,0x00000000d5a80000,0x00000000d5d00000)
 ParOldGen       total 823296K, used 255829K [0x0000000080000000, 0x00000000b2400000, 0x00000000d5580000)
  object space 823296K, 31% used [0x0000000080000000,0x000000008f9d5400,0x00000000b2400000)
 Metaspace       used 84723K, committed 86336K, reserved 1179648K
  class space    used 7974K, committed 8704K, reserved 1048576K
}
Event: 157.677 GC heap after
{Heap after GC invocations=1482 (full 4):
 PSYoungGen      total 5120K, used 2304K [0x00000000d5580000, 0x00000000d5d00000, 0x0000000100000000)
  eden space 2560K, 0% used [0x00000000d5580000,0x00000000d5580000,0x00000000d5800000)
  from space 2560K, 90% used [0x00000000d5a80000,0x00000000d5cc0140,0x00000000d5d00000)
  to   space 2560K, 0% used [0x00000000d5800000,0x00000000d5800000,0x00000000d5a80000)
 ParOldGen       total 823296K, used 256181K [0x0000000080000000, 0x00000000b2400000, 0x00000000d5580000)
  object space 823296K, 31% used [0x0000000080000000,0x000000008fa2d410,0x00000000b2400000)
 Metaspace       used 84723K, committed 86336K, reserved 1179648K
  class space    used 7974K, committed 8704K, reserved 1048576K
}
Event: 157.706 GC heap before
{Heap before GC invocations=1483 (full 4):
 PSYoungGen      total 5120K, used 4864K [0x00000000d5580000, 0x00000000d5d00000, 0x0000000100000000)
  eden space 2560K, 100% used [0x00000000d5580000,0x00000000d5800000,0x00000000d5800000)
  from space 2560K, 90% used [0x00000000d5a80000,0x00000000d5cc0140,0x00000000d5d00000)
  to   space 2560K, 0% used [0x00000000d5800000,0x00000000d5800000,0x00000000d5a80000)
 ParOldGen       total 823296K, used 256181K [0x0000000080000000, 0x00000000b2400000, 0x00000000d5580000)
  object space 823296K, 31% used [0x0000000080000000,0x000000008fa2d410,0x00000000b2400000)
 Metaspace       used 84723K, committed 86336K, reserved 1179648K
  class space    used 7974K, committed 8704K, reserved 1048576K
}
Event: 157.718 GC heap after
{Heap after GC invocations=1483 (full 4):
 PSYoungGen      total 5120K, used 2528K [0x00000000d5580000, 0x00000000d6300000, 0x0000000100000000)
  eden space 2560K, 0% used [0x00000000d5580000,0x00000000d5580000,0x00000000d5800000)
  from space 2560K, 98% used [0x00000000d5800000,0x00000000d5a78100,0x00000000d5a80000)
  to   space 5632K, 0% used [0x00000000d5d80000,0x00000000d5d80000,0x00000000d6300000)
 ParOldGen       total 823296K, used 258429K [0x0000000080000000, 0x00000000b2400000, 0x00000000d5580000)
  object space 823296K, 31% used [0x0000000080000000,0x000000008fc5f590,0x00000000b2400000)
 Metaspace       used 84723K, committed 86336K, reserved 1179648K
  class space    used 7974K, committed 8704K, reserved 1048576K
}
Event: 158.441 GC heap before
{Heap before GC invocations=1484 (full 4):
 PSYoungGen      total 5120K, used 5088K [0x00000000d5580000, 0x00000000d6300000, 0x0000000100000000)
  eden space 2560K, 100% used [0x00000000d5580000,0x00000000d5800000,0x00000000d5800000)
  from space 2560K, 98% used [0x00000000d5800000,0x00000000d5a78100,0x00000000d5a80000)
  to   space 5632K, 0% used [0x00000000d5d80000,0x00000000d5d80000,0x00000000d6300000)
 ParOldGen       total 823296K, used 258429K [0x0000000080000000, 0x00000000b2400000, 0x00000000d5580000)
  object space 823296K, 31% used [0x0000000080000000,0x000000008fc5f590,0x00000000b2400000)
 Metaspace       used 84762K, committed 86400K, reserved 1179648K
  class space    used 7977K, committed 8768K, reserved 1048576K
}
Event: 158.461 GC heap after
{Heap after GC invocations=1484 (full 4):
 PSYoungGen      total 5120K, used 2080K [0x00000000d5580000, 0x00000000d6000000, 0x0000000100000000)
  eden space 2560K, 0% used [0x00000000d5580000,0x00000000d5580000,0x00000000d5800000)
  from space 2560K, 81% used [0x00000000d5d80000,0x00000000d5f88200,0x00000000d6000000)
  to   space 3072K, 0% used [0x00000000d5a00000,0x00000000d5a00000,0x00000000d5d00000)
 ParOldGen       total 823296K, used 260928K [0x0000000080000000, 0x00000000b2400000, 0x00000000d5580000)
  object space 823296K, 31% used [0x0000000080000000,0x000000008fed0090,0x00000000b2400000)
 Metaspace       used 84762K, committed 86400K, reserved 1179648K
  class space    used 7977K, committed 8768K, reserved 1048576K
}
Event: 158.894 GC heap before
{Heap before GC invocations=1485 (full 4):
 PSYoungGen      total 5120K, used 4640K [0x00000000d5580000, 0x00000000d6000000, 0x0000000100000000)
  eden space 2560K, 100% used [0x00000000d5580000,0x00000000d5800000,0x00000000d5800000)
  from space 2560K, 81% used [0x00000000d5d80000,0x00000000d5f88200,0x00000000d6000000)
  to   space 3072K, 0% used [0x00000000d5a00000,0x00000000d5a00000,0x00000000d5d00000)
 ParOldGen       total 823296K, used 260928K [0x0000000080000000, 0x00000000b2400000, 0x00000000d5580000)
  object space 823296K, 31% used [0x0000000080000000,0x000000008fed0090,0x00000000b2400000)
 Metaspace       used 84867K, committed 86528K, reserved 1179648K
  class space    used 7985K, committed 8768K, reserved 1048576K
}
Event: 158.913 GC heap after
{Heap after GC invocations=1485 (full 4):
 PSYoungGen      total 3072K, used 256K [0x00000000d5580000, 0x00000000d5e00000, 0x0000000100000000)
  eden space 2560K, 0% used [0x00000000d5580000,0x00000000d5580000,0x00000000d5800000)
  from space 512K, 50% used [0x00000000d5a00000,0x00000000d5a40000,0x00000000d5a80000)
  to   space 1536K, 0% used [0x00000000d5c80000,0x00000000d5c80000,0x00000000d5e00000)
 ParOldGen       total 823296K, used 262944K [0x0000000080000000, 0x00000000b2400000, 0x00000000d5580000)
  object space 823296K, 31% used [0x0000000080000000,0x00000000900c8290,0x00000000b2400000)
 Metaspace       used 84867K, committed 86528K, reserved 1179648K
  class space    used 7985K, committed 8768K, reserved 1048576K
}
Event: 159.146 GC heap before
{Heap before GC invocations=1486 (full 4):
 PSYoungGen      total 3072K, used 2816K [0x00000000d5580000, 0x00000000d5e00000, 0x0000000100000000)
  eden space 2560K, 100% used [0x00000000d5580000,0x00000000d5800000,0x00000000d5800000)
  from space 512K, 50% used [0x00000000d5a00000,0x00000000d5a40000,0x00000000d5a80000)
  to   space 1536K, 0% used [0x00000000d5c80000,0x00000000d5c80000,0x00000000d5e00000)
 ParOldGen       total 823296K, used 262944K [0x0000000080000000, 0x00000000b2400000, 0x00000000d5580000)
  object space 823296K, 31% used [0x0000000080000000,0x00000000900c8290,0x00000000b2400000)
 Metaspace       used 85150K, committed 86976K, reserved 1179648K
  class space    used 8061K, committed 8896K, reserved 1048576K
}
Event: 159.151 GC heap after
{Heap after GC invocations=1486 (full 4):
 PSYoungGen      total 3072K, used 384K [0x00000000d5580000, 0x00000000d5d00000, 0x0000000100000000)
  eden space 2560K, 0% used [0x00000000d5580000,0x00000000d5580000,0x00000000d5800000)
  from space 512K, 75% used [0x00000000d5c80000,0x00000000d5ce0000,0x00000000d5d00000)
  to   space 512K, 0% used [0x00000000d5a00000,0x00000000d5a00000,0x00000000d5a80000)
 ParOldGen       total 823296K, used 263112K [0x0000000080000000, 0x00000000b2400000, 0x00000000d5580000)
  object space 823296K, 31% used [0x0000000080000000,0x00000000900f2290,0x00000000b2400000)
 Metaspace       used 85150K, committed 86976K, reserved 1179648K
  class space    used 8061K, committed 8896K, reserved 1048576K
}
Event: 159.255 GC heap before
{Heap before GC invocations=1487 (full 4):
 PSYoungGen      total 3072K, used 2944K [0x00000000d5580000, 0x00000000d5d00000, 0x0000000100000000)
  eden space 2560K, 100% used [0x00000000d5580000,0x00000000d5800000,0x00000000d5800000)
  from space 512K, 75% used [0x00000000d5c80000,0x00000000d5ce0000,0x00000000d5d00000)
  to   space 512K, 0% used [0x00000000d5a00000,0x00000000d5a00000,0x00000000d5a80000)
 ParOldGen       total 823296K, used 263112K [0x0000000080000000, 0x00000000b2400000, 0x00000000d5580000)
  object space 823296K, 31% used [0x0000000080000000,0x00000000900f2290,0x00000000b2400000)
 Metaspace       used 85327K, committed 87232K, reserved 1179648K
  class space    used 8109K, committed 8960K, reserved 1048576K
}
Event: 159.258 GC heap after
{Heap after GC invocations=1487 (full 4):
 PSYoungGen      total 3072K, used 407K [0x00000000d5580000, 0x00000000d5d00000, 0x0000000100000000)
  eden space 2560K, 0% used [0x00000000d5580000,0x00000000d5580000,0x00000000d5800000)
  from space 512K, 79% used [0x00000000d5a00000,0x00000000d5a65fe0,0x00000000d5a80000)
  to   space 512K, 0% used [0x00000000d5c80000,0x00000000d5c80000,0x00000000d5d00000)
 ParOldGen       total 823296K, used 263248K [0x0000000080000000, 0x00000000b2400000, 0x00000000d5580000)
  object space 823296K, 31% used [0x0000000080000000,0x0000000090114290,0x00000000b2400000)
 Metaspace       used 85327K, committed 87232K, reserved 1179648K
  class space    used 8109K, committed 8960K, reserved 1048576K
}
Event: 160.357 GC heap before
{Heap before GC invocations=1488 (full 4):
 PSYoungGen      total 3072K, used 2967K [0x00000000d5580000, 0x00000000d5d00000, 0x0000000100000000)
  eden space 2560K, 100% used [0x00000000d5580000,0x00000000d5800000,0x00000000d5800000)
  from space 512K, 79% used [0x00000000d5a00000,0x00000000d5a65fe0,0x00000000d5a80000)
  to   space 512K, 0% used [0x00000000d5c80000,0x00000000d5c80000,0x00000000d5d00000)
 ParOldGen       total 823296K, used 263248K [0x0000000080000000, 0x00000000b2400000, 0x00000000d5580000)
  object space 823296K, 31% used [0x0000000080000000,0x0000000090114290,0x00000000b2400000)
 Metaspace       used 85605K, committed 87808K, reserved 1179648K
  class space    used 8185K, committed 9152K, reserved 1048576K
}
Event: 160.360 GC heap after
{Heap after GC invocations=1488 (full 4):
 PSYoungGen      total 3072K, used 496K [0x00000000d5580000, 0x00000000d5d00000, 0x0000000100000000)
  eden space 2560K, 0% used [0x00000000d5580000,0x00000000d5580000,0x00000000d5800000)
  from space 512K, 96% used [0x00000000d5c80000,0x00000000d5cfc010,0x00000000d5d00000)
  to   space 1024K, 0% used [0x00000000d5b00000,0x00000000d5b00000,0x00000000d5c00000)
 ParOldGen       total 823296K, used 263536K [0x0000000080000000, 0x00000000b2400000, 0x00000000d5580000)
  object space 823296K, 32% used [0x0000000080000000,0x000000009015c270,0x00000000b2400000)
 Metaspace       used 85605K, committed 87808K, reserved 1179648K
  class space    used 8185K, committed 9152K, reserved 1048576K
}

