# JRE version: Java(TM) SE Runtime Environment (21.0.9+7) (build 21.0.9+7-LTS-338)
# Java VM: Java HotSpot(TM) 64-Bit Server VM (21.0.9+7-LTS-338, mixed mode, sharing, tiered, compressed oops, compressed class ptrs, g1 gc, windows-amd64)
GC Precious Log:
 CardTable entry size: 512
 Card Set container configuration: InlinePtr #cards 5 size 8 Array Of Cards #cards 12 size 40 Howl #buckets 4 coarsen threshold 1843 Howl Bitmap #cards 512 size 80 coarsen threshold 460 Card regions per heap region 1 cards per card region 2048
 CPUs: 12 total, 12 available
 Memory: 5989M
 Large Page Support: Disabled
 NUMA Support: Disabled
 Compressed Oops: Enabled (32-bit)
 Heap Region Size: 1M
 Heap Min Capacity: 8M
 Heap Initial Capacity: 94M
 Heap Max Capacity: 1498M
 Pre-touch: Disabled
 Parallel Workers: 10
 Concurrent Workers: 3
 Concurrent Refinement Workers: 10
 Periodic GC: Disabled
Heap:
 garbage-first heap   total 99328K, used 49408K [0x00000000a2600000, 0x0000000100000000)
  region size 1024K, 18 young (18432K), 7 survivors (7168K)
 Metaspace       used 27160K, committed 27584K, reserved 1114112K
  class space    used 3012K, committed 3200K, reserved 1048576K
GC Heap History (14 events):
Event: 3.575 GC heap before
{Heap before GC invocations=0 (full 0):
 garbage-first heap   total 96256K, used 22528K [0x00000000a2600000, 0x0000000100000000)
  region size 1024K, 23 young (23552K), 0 survivors (0K)
 Metaspace       used 5605K, committed 5824K, reserved 1114112K
  class space    used 645K, committed 768K, reserved 1048576K
}
Event: 3.603 GC heap after
{Heap after GC invocations=1 (full 0):
 garbage-first heap   total 96256K, used 3640K [0x00000000a2600000, 0x0000000100000000)
  region size 1024K, 3 young (3072K), 3 survivors (3072K)
 Metaspace       used 5605K, committed 5824K, reserved 1114112K
  class space    used 645K, committed 768K, reserved 1048576K
}
Event: 6.570 GC heap before
{Heap before GC invocations=1 (full 0):
 garbage-first heap   total 96256K, used 34360K [0x00000000a2600000, 0x0000000100000000)
  region size 1024K, 33 young (33792K), 3 survivors (3072K)
 Metaspace       used 8278K, committed 8512K, reserved 1114112K
  class space    used 964K, committed 1088K, reserved 1048576K
}
Event: 6.599 GC heap after
{Heap after GC invocations=2 (full 0):
 garbage-first heap   total 96256K, used 5116K [0x00000000a2600000, 0x0000000100000000)
  region size 1024K, 2 young (2048K), 2 survivors (2048K)
 Metaspace       used 8278K, committed 8512K, reserved 1114112K
  class space    used 964K, committed 1088K, reserved 1048576K
}
Event: 19.642 GC heap before
{Heap before GC invocations=2 (full 0):
 garbage-first heap   total 96256K, used 60412K [0x00000000a2600000, 0x0000000100000000)
  region size 1024K, 56 young (57344K), 2 survivors (2048K)
 Metaspace       used 15413K, committed 15680K, reserved 1114112K
  class space    used 1809K, committed 1920K, reserved 1048576K
}
Event: 19.703 GC heap after
{Heap after GC invocations=3 (full 0):
 garbage-first heap   total 96256K, used 10987K [0x00000000a2600000, 0x0000000100000000)
  region size 1024K, 7 young (7168K), 7 survivors (7168K)
 Metaspace       used 15413K, committed 15680K, reserved 1114112K
  class space    used 1809K, committed 1920K, reserved 1048576K
}
Event: 23.811 GC heap before
{Heap before GC invocations=3 (full 0):
 garbage-first heap   total 96256K, used 61163K [0x00000000a2600000, 0x0000000100000000)
  region size 1024K, 56 young (57344K), 7 survivors (7168K)
 Metaspace       used 16090K, committed 16384K, reserved 1114112K
  class space    used 1840K, committed 1984K, reserved 1048576K
}
Event: 23.831 GC heap after
{Heap after GC invocations=4 (full 0):
 garbage-first heap   total 96256K, used 14663K [0x00000000a2600000, 0x0000000100000000)
  region size 1024K, 4 young (4096K), 4 survivors (4096K)
 Metaspace       used 16090K, committed 16384K, reserved 1114112K
  class space    used 1840K, committed 1984K, reserved 1048576K
}
Event: 28.403 GC heap before
{Heap before GC invocations=4 (full 0):
 garbage-first heap   total 96256K, used 84295K [0x00000000a2600000, 0x0000000100000000)
  region size 1024K, 41 young (41984K), 4 survivors (4096K)
 Metaspace       used 19637K, committed 19968K, reserved 1114112K
  class space    used 2222K, committed 2368K, reserved 1048576K
}
Event: 28.417 GC heap after
{Heap after GC invocations=5 (full 0):
 garbage-first heap   total 96256K, used 15878K [0x00000000a2600000, 0x0000000100000000)
  region size 1024K, 5 young (5120K), 5 survivors (5120K)
 Metaspace       used 19637K, committed 19968K, reserved 1114112K
  class space    used 2222K, committed 2368K, reserved 1048576K
}
Event: 28.954 GC heap before
{Heap before GC invocations=5 (full 0):
 garbage-first heap   total 96256K, used 37382K [0x00000000a2600000, 0x0000000100000000)
  region size 1024K, 21 young (21504K), 5 survivors (5120K)
 Metaspace       used 21152K, committed 21504K, reserved 1114112K
  class space    used 2436K, committed 2624K, reserved 1048576K
}
Event: 28.971 GC heap after
{Heap after GC invocations=6 (full 0):
 garbage-first heap   total 96256K, used 26880K [0x00000000a2600000, 0x0000000100000000)
  region size 1024K, 7 young (7168K), 7 survivors (7168K)
 Metaspace       used 21152K, committed 21504K, reserved 1114112K
  class space    used 2436K, committed 2624K, reserved 1048576K
}
Event: 31.015 GC heap before
{Heap before GC invocations=7 (full 0):
 garbage-first heap   total 96256K, used 78080K [0x00000000a2600000, 0x0000000100000000)
  region size 1024K, 56 young (57344K), 7 survivors (7168K)
 Metaspace       used 26582K, committed 26944K, reserved 1114112K
  class space    used 2973K, committed 3136K, reserved 1048576K
}
Event: 31.059 GC heap after
{Heap after GC invocations=8 (full 0):
 garbage-first heap   total 99328K, used 38144K [0x00000000a2600000, 0x0000000100000000)
  region size 1024K, 7 young (7168K), 7 survivors (7168K)
 Metaspace       used 26582K, committed 26944K, reserved 1114112K
  class space    used 2973K, committed 3136K, reserved 1048576K
}

