# JRE version: OpenJDK Runtime Environment Temurin-21.0.11+10 (21.0.11+10) (build 21.0.11+10-LTS)
# Java VM: OpenJDK 64-Bit Server VM Temurin-21.0.11+10 (21.0.11+10-LTS, mixed mode, sharing, tiered, compressed oops, compressed class ptrs, parallel gc, windows-amd64)
GC Precious Log:
 CardTable entry size: 512
 CPUs: 12 total, 12 available
 Memory: 5989M
 Large Page Support: Disabled
 NUMA Support: Disabled
 Compressed Oops: Enabled (32-bit)
 Alignments: Space 512K, Generation 512K, Heap 2M
 Heap Min Capacity: 100M
 Heap Initial Capacity: 100M
 Heap Max Capacity: 2G
 Pre-touch: Disabled
 Parallel Workers: 10
Heap:
 PSYoungGen      total 5120K, used 874K [0x00000000d5580000, 0x00000000d5c00000, 0x0000000100000000)
  eden space 4096K, 6% used [0x00000000d5580000,0x00000000d55c2888,0x00000000d5980000)
  from space 1024K, 59% used [0x00000000d5a80000,0x00000000d5b18000,0x00000000d5b80000)
  to   space 1024K, 0% used [0x00000000d5980000,0x00000000d5980000,0x00000000d5a80000)
 ParOldGen       total 1064960K, used 1064905K [0x0000000080000000, 0x00000000c1000000, 0x00000000d5580000)
  object space 1064960K, 99% used [0x0000000080000000,0x00000000c0ff2418,0x00000000c1000000)
 Metaspace       used 89592K, committed 91200K, reserved 1179648K
  class space    used 8968K, committed 9664K, reserved 1048576K
GC Heap History (20 events):
Event: 2927.633 GC heap after
{Heap after GC invocations=2896 (full 6):
 PSYoungGen      total 3072K, used 896K [0x00000000d5580000, 0x00000000d5b00000, 0x0000000100000000)
  eden space 2048K, 0% used [0x00000000d5580000,0x00000000d5580000,0x00000000d5780000)
  from space 1024K, 87% used [0x00000000d5a00000,0x00000000d5ae0000,0x00000000d5b00000)
  to   space 1536K, 0% used [0x00000000d5800000,0x00000000d5800000,0x00000000d5980000)
 ParOldGen       total 1053696K, used 1053391K [0x0000000080000000, 0x00000000c0500000, 0x00000000d5580000)
  object space 1053696K, 99% used [0x0000000080000000,0x00000000c04b3ef8,0x00000000c0500000)
 Metaspace       used 89571K, committed 91136K, reserved 1179648K
  class space    used 8968K, committed 9664K, reserved 1048576K
}
Event: 2927.639 GC heap before
{Heap before GC invocations=2897 (full 6):
 PSYoungGen      total 3072K, used 2874K [0x00000000d5580000, 0x00000000d5b00000, 0x0000000100000000)
  eden space 2048K, 96% used [0x00000000d5580000,0x00000000d576eb10,0x00000000d5780000)
  from space 1024K, 87% used [0x00000000d5a00000,0x00000000d5ae0000,0x00000000d5b00000)
  to   space 1536K, 0% used [0x00000000d5800000,0x00000000d5800000,0x00000000d5980000)
 ParOldGen       total 1053696K, used 1053391K [0x0000000080000000, 0x00000000c0500000, 0x00000000d5580000)
  object space 1053696K, 99% used [0x0000000080000000,0x00000000c04b3ef8,0x00000000c0500000)
 Metaspace       used 89571K, committed 91136K, reserved 1179648K
  class space    used 8968K, committed 9664K, reserved 1048576K
}
Event: 2927.644 GC heap after
{Heap after GC invocations=2897 (full 6):
 PSYoungGen      total 4096K, used 1083K [0x00000000d5580000, 0x00000000d5b00000, 0x0000000100000000)
  eden space 2560K, 0% used [0x00000000d5580000,0x00000000d5580000,0x00000000d5800000)
  from space 1536K, 70% used [0x00000000d5800000,0x00000000d590ec00,0x00000000d5980000)
  to   space 1536K, 0% used [0x00000000d5980000,0x00000000d5980000,0x00000000d5b00000)
 ParOldGen       total 1054208K, used 1054111K [0x0000000080000000, 0x00000000c0580000, 0x00000000d5580000)
  object space 1054208K, 99% used [0x0000000080000000,0x00000000c0567ef8,0x00000000c0580000)
 Metaspace       used 89571K, committed 91136K, reserved 1179648K
  class space    used 8968K, committed 9664K, reserved 1048576K
}
Event: 2927.650 GC heap before
{Heap before GC invocations=2898 (full 6):
 PSYoungGen      total 4096K, used 3642K [0x00000000d5580000, 0x00000000d5b00000, 0x0000000100000000)
  eden space 2560K, 99% used [0x00000000d5580000,0x00000000d57ffff0,0x00000000d5800000)
  from space 1536K, 70% used [0x00000000d5800000,0x00000000d590ec00,0x00000000d5980000)
  to   space 1536K, 0% used [0x00000000d5980000,0x00000000d5980000,0x00000000d5b00000)
 ParOldGen       total 1054208K, used 1054111K [0x0000000080000000, 0x00000000c0580000, 0x00000000d5580000)
  object space 1054208K, 99% used [0x0000000080000000,0x00000000c0567ef8,0x00000000c0580000)
 Metaspace       used 89571K, committed 91136K, reserved 1179648K
  class space    used 8968K, committed 9664K, reserved 1048576K
}
Event: 2927.654 GC heap after
{Heap after GC invocations=2898 (full 6):
 PSYoungGen      total 4096K, used 605K [0x00000000d5580000, 0x00000000d5a80000, 0x0000000100000000)
  eden space 3072K, 0% used [0x00000000d5580000,0x00000000d5580000,0x00000000d5880000)
  from space 1024K, 59% used [0x00000000d5980000,0x00000000d5a17600,0x00000000d5a80000)
  to   space 1024K, 0% used [0x00000000d5880000,0x00000000d5880000,0x00000000d5980000)
 ParOldGen       total 1055232K, used 1054893K [0x0000000080000000, 0x00000000c0680000, 0x00000000d5580000)
  object space 1055232K, 99% used [0x0000000080000000,0x00000000c062b518,0x00000000c0680000)
 Metaspace       used 89571K, committed 91136K, reserved 1179648K
  class space    used 8968K, committed 9664K, reserved 1048576K
}
Event: 2927.661 GC heap before
{Heap before GC invocations=2899 (full 6):
 PSYoungGen      total 4096K, used 3677K [0x00000000d5580000, 0x00000000d5a80000, 0x0000000100000000)
  eden space 3072K, 100% used [0x00000000d5580000,0x00000000d5880000,0x00000000d5880000)
  from space 1024K, 59% used [0x00000000d5980000,0x00000000d5a17600,0x00000000d5a80000)
  to   space 1024K, 0% used [0x00000000d5880000,0x00000000d5880000,0x00000000d5980000)
 ParOldGen       total 1055232K, used 1054893K [0x0000000080000000, 0x00000000c0680000, 0x00000000d5580000)
  object space 1055232K, 99% used [0x0000000080000000,0x00000000c062b518,0x00000000c0680000)
 Metaspace       used 89571K, committed 91136K, reserved 1179648K
  class space    used 8968K, committed 9664K, reserved 1048576K
}
Event: 2927.665 GC heap after
{Heap after GC invocations=2899 (full 6):
 PSYoungGen      total 4096K, used 1014K [0x00000000d5580000, 0x00000000d5d80000, 0x0000000100000000)
  eden space 3072K, 0% used [0x00000000d5580000,0x00000000d5580000,0x00000000d5880000)
  from space 1024K, 99% used [0x00000000d5880000,0x00000000d597d800,0x00000000d5980000)
  to   space 2048K, 0% used [0x00000000d5b80000,0x00000000d5b80000,0x00000000d5d80000)
 ParOldGen       total 1055744K, used 1055378K [0x0000000080000000, 0x00000000c0700000, 0x00000000d5580000)
  object space 1055744K, 99% used [0x0000000080000000,0x00000000c06a4b38,0x00000000c0700000)
 Metaspace       used 89571K, committed 91136K, reserved 1179648K
  class space    used 8968K, committed 9664K, reserved 1048576K
}
Event: 2927.713 GC heap before
{Heap before GC invocations=2900 (full 6):
 PSYoungGen      total 4096K, used 4086K [0x00000000d5580000, 0x00000000d5d80000, 0x0000000100000000)
  eden space 3072K, 100% used [0x00000000d5580000,0x00000000d5880000,0x00000000d5880000)
  from space 1024K, 99% used [0x00000000d5880000,0x00000000d597d800,0x00000000d5980000)
  to   space 2048K, 0% used [0x00000000d5b80000,0x00000000d5b80000,0x00000000d5d80000)
 ParOldGen       total 1055744K, used 1055378K [0x0000000080000000, 0x00000000c0700000, 0x00000000d5580000)
  object space 1055744K, 99% used [0x0000000080000000,0x00000000c06a4b38,0x00000000c0700000)
 Metaspace       used 89578K, committed 91200K, reserved 1179648K
  class space    used 8968K, committed 9664K, reserved 1048576K
}
Event: 2927.720 GC heap after
{Heap after GC invocations=2900 (full 6):
 PSYoungGen      total 4096K, used 2023K [0x00000000d5580000, 0x00000000d6180000, 0x0000000100000000)
  eden space 2048K, 0% used [0x00000000d5580000,0x00000000d5580000,0x00000000d5780000)
  from space 2048K, 98% used [0x00000000d5b80000,0x00000000d5d79cb0,0x00000000d5d80000)
  to   space 4096K, 0% used [0x00000000d5780000,0x00000000d5780000,0x00000000d5b80000)
 ParOldGen       total 1056768K, used 1056672K [0x0000000080000000, 0x00000000c0800000, 0x00000000d5580000)
  object space 1056768K, 99% used [0x0000000080000000,0x00000000c07e8378,0x00000000c0800000)
 Metaspace       used 89578K, committed 91200K, reserved 1179648K
  class space    used 8968K, committed 9664K, reserved 1048576K
}
Event: 2927.729 GC heap before
{Heap before GC invocations=2901 (full 6):
 PSYoungGen      total 4096K, used 4071K [0x00000000d5580000, 0x00000000d6180000, 0x0000000100000000)
  eden space 2048K, 100% used [0x00000000d5580000,0x00000000d5780000,0x00000000d5780000)
  from space 2048K, 98% used [0x00000000d5b80000,0x00000000d5d79cb0,0x00000000d5d80000)
  to   space 4096K, 0% used [0x00000000d5780000,0x00000000d5780000,0x00000000d5b80000)
 ParOldGen       total 1056768K, used 1056672K [0x0000000080000000, 0x00000000c0800000, 0x00000000d5580000)
  object space 1056768K, 99% used [0x0000000080000000,0x00000000c07e8378,0x00000000c0800000)
 Metaspace       used 89579K, committed 91200K, reserved 1179648K
  class space    used 8968K, committed 9664K, reserved 1048576K
}
Event: 2927.735 GC heap after
{Heap after GC invocations=2901 (full 6):
 PSYoungGen      total 4096K, used 1648K [0x00000000d5580000, 0x00000000d5d00000, 0x0000000100000000)
  eden space 2048K, 0% used [0x00000000d5580000,0x00000000d5580000,0x00000000d5780000)
  from space 2048K, 80% used [0x00000000d5780000,0x00000000d591c000,0x00000000d5980000)
  to   space 2560K, 0% used [0x00000000d5a80000,0x00000000d5a80000,0x00000000d5d00000)
 ParOldGen       total 1058816K, used 1058736K [0x0000000080000000, 0x00000000c0a00000, 0x00000000d5580000)
  object space 1058816K, 99% used [0x0000000080000000,0x00000000c09ec028,0x00000000c0a00000)
 Metaspace       used 89579K, committed 91200K, reserved 1179648K
  class space    used 8968K, committed 9664K, reserved 1048576K
}
Event: 2927.765 GC heap before
{Heap before GC invocations=2902 (full 6):
 PSYoungGen      total 4096K, used 3686K [0x00000000d5580000, 0x00000000d5d00000, 0x0000000100000000)
  eden space 2048K, 99% used [0x00000000d5580000,0x00000000d577dbf8,0x00000000d5780000)
  from space 2048K, 80% used [0x00000000d5780000,0x00000000d591c000,0x00000000d5980000)
  to   space 2560K, 0% used [0x00000000d5a80000,0x00000000d5a80000,0x00000000d5d00000)
 ParOldGen       total 1058816K, used 1058736K [0x0000000080000000, 0x00000000c0a00000, 0x00000000d5580000)
  object space 1058816K, 99% used [0x0000000080000000,0x00000000c09ec028,0x00000000c0a00000)
 Metaspace       used 89580K, committed 91200K, reserved 1179648K
  class space    used 8968K, committed 9664K, reserved 1048576K
}
Event: 2927.773 GC heap after
{Heap after GC invocations=2902 (full 6):
 PSYoungGen      total 4096K, used 1184K [0x00000000d5580000, 0x00000000d5c00000, 0x0000000100000000)
  eden space 2560K, 0% used [0x00000000d5580000,0x00000000d5580000,0x00000000d5800000)
  from space 1536K, 77% used [0x00000000d5a80000,0x00000000d5ba8000,0x00000000d5c00000)
  to   space 1536K, 0% used [0x00000000d5900000,0x00000000d5900000,0x00000000d5a80000)
 ParOldGen       total 1060352K, used 1060096K [0x0000000080000000, 0x00000000c0b80000, 0x00000000d5580000)
  object space 1060352K, 99% used [0x0000000080000000,0x00000000c0b40028,0x00000000c0b80000)
 Metaspace       used 89580K, committed 91200K, reserved 1179648K
  class space    used 8968K, committed 9664K, reserved 1048576K
}
Event: 2927.823 GC heap before
{Heap before GC invocations=2903 (full 6):
 PSYoungGen      total 4096K, used 3744K [0x00000000d5580000, 0x00000000d5c00000, 0x0000000100000000)
  eden space 2560K, 100% used [0x00000000d5580000,0x00000000d5800000,0x00000000d5800000)
  from space 1536K, 77% used [0x00000000d5a80000,0x00000000d5ba8000,0x00000000d5c00000)
  to   space 1536K, 0% used [0x00000000d5900000,0x00000000d5900000,0x00000000d5a80000)
 ParOldGen       total 1060352K, used 1060096K [0x0000000080000000, 0x00000000c0b80000, 0x00000000d5580000)
  object space 1060352K, 99% used [0x0000000080000000,0x00000000c0b40028,0x00000000c0b80000)
 Metaspace       used 89586K, committed 91200K, reserved 1179648K
  class space    used 8968K, committed 9664K, reserved 1048576K
}
Event: 2927.828 GC heap after
{Heap after GC invocations=2903 (full 6):
 PSYoungGen      total 4096K, used 688K [0x00000000d5580000, 0x00000000d5b00000, 0x0000000100000000)
  eden space 3072K, 0% used [0x00000000d5580000,0x00000000d5580000,0x00000000d5880000)
  from space 1024K, 67% used [0x00000000d5900000,0x00000000d59ac010,0x00000000d5a00000)
  to   space 1024K, 0% used [0x00000000d5a00000,0x00000000d5a00000,0x00000000d5b00000)
 ParOldGen       total 1061376K, used 1061112K [0x0000000080000000, 0x00000000c0c80000, 0x00000000d5580000)
  object space 1061376K, 99% used [0x0000000080000000,0x00000000c0c3e028,0x00000000c0c80000)
 Metaspace       used 89586K, committed 91200K, reserved 1179648K
  class space    used 8968K, committed 9664K, reserved 1048576K
}
Event: 2927.902 GC heap before
{Heap before GC invocations=2904 (full 6):
 PSYoungGen      total 4096K, used 3760K [0x00000000d5580000, 0x00000000d5b00000, 0x0000000100000000)
  eden space 3072K, 100% used [0x00000000d5580000,0x00000000d5880000,0x00000000d5880000)
  from space 1024K, 67% used [0x00000000d5900000,0x00000000d59ac010,0x00000000d5a00000)
  to   space 1024K, 0% used [0x00000000d5a00000,0x00000000d5a00000,0x00000000d5b00000)
 ParOldGen       total 1061376K, used 1061112K [0x0000000080000000, 0x00000000c0c80000, 0x00000000d5580000)
  object space 1061376K, 99% used [0x0000000080000000,0x00000000c0c3e028,0x00000000c0c80000)
 Metaspace       used 89588K, committed 91200K, reserved 1179648K
  class space    used 8968K, committed 9664K, reserved 1048576K
}
Event: 2927.907 GC heap after
{Heap after GC invocations=2904 (full 6):
 PSYoungGen      total 4608K, used 800K [0x00000000d5580000, 0x00000000d5b80000, 0x0000000100000000)
  eden space 3584K, 0% used [0x00000000d5580000,0x00000000d5580000,0x00000000d5900000)
  from space 1024K, 78% used [0x00000000d5a00000,0x00000000d5ac8000,0x00000000d5b00000)
  to   space 1024K, 0% used [0x00000000d5900000,0x00000000d5900000,0x00000000d5a00000)
 ParOldGen       total 1061888K, used 1061657K [0x0000000080000000, 0x00000000c0d00000, 0x00000000d5580000)
  object space 1061888K, 99% used [0x0000000080000000,0x00000000c0cc6750,0x00000000c0d00000)
 Metaspace       used 89588K, committed 91200K, reserved 1179648K
  class space    used 8968K, committed 9664K, reserved 1048576K
}
Event: 2927.940 GC heap before
{Heap before GC invocations=2905 (full 6):
 PSYoungGen      total 4608K, used 4384K [0x00000000d5580000, 0x00000000d5b80000, 0x0000000100000000)
  eden space 3584K, 100% used [0x00000000d5580000,0x00000000d5900000,0x00000000d5900000)
  from space 1024K, 78% used [0x00000000d5a00000,0x00000000d5ac8000,0x00000000d5b00000)
  to   space 1024K, 0% used [0x00000000d5900000,0x00000000d5900000,0x00000000d5a00000)
 ParOldGen       total 1061888K, used 1061657K [0x0000000080000000, 0x00000000c0d00000, 0x00000000d5580000)
  object space 1061888K, 99% used [0x0000000080000000,0x00000000c0cc6750,0x00000000c0d00000)
 Metaspace       used 89588K, committed 91200K, reserved 1179648K
  class space    used 8968K, committed 9664K, reserved 1048576K
}
Event: 2927.944 GC heap after
{Heap after GC invocations=2905 (full 6):
 PSYoungGen      total 4608K, used 768K [0x00000000d5580000, 0x00000000d5b00000, 0x0000000100000000)
  eden space 3584K, 0% used [0x00000000d5580000,0x00000000d5580000,0x00000000d5900000)
  from space 1024K, 75% used [0x00000000d5900000,0x00000000d59c0000,0x00000000d5a00000)
  to   space 1024K, 0% used [0x00000000d5a00000,0x00000000d5a00000,0x00000000d5b00000)
 ParOldGen       total 1062400K, used 1062199K [0x0000000080000000, 0x00000000c0d80000, 0x00000000d5580000)
  object space 1062400K, 99% used [0x0000000080000000,0x00000000c0d4dd50,0x00000000c0d80000)
 Metaspace       used 89588K, committed 91200K, reserved 1179648K
  class space    used 8968K, committed 9664K, reserved 1048576K
}
Event: 2927.965 GC heap before
{Heap before GC invocations=2906 (full 6):
 PSYoungGen      total 4608K, used 4352K [0x00000000d5580000, 0x00000000d5b00000, 0x0000000100000000)
  eden space 3584K, 100% used [0x00000000d5580000,0x00000000d5900000,0x00000000d5900000)
  from space 1024K, 75% used [0x00000000d5900000,0x00000000d59c0000,0x00000000d5a00000)
  to   space 1024K, 0% used [0x00000000d5a00000,0x00000000d5a00000,0x00000000d5b00000)
 ParOldGen       total 1062400K, used 1062199K [0x0000000080000000, 0x00000000c0d80000, 0x00000000d5580000)
  object space 1062400K, 99% used [0x0000000080000000,0x00000000c0d4dd50,0x00000000c0d80000)
 Metaspace       used 89588K, committed 91200K, reserved 1179648K
  class space    used 8968K, committed 9664K, reserved 1048576K
}

